[2021-05-30 09:30:49.575] [info]  Running version 2021.3.0
[2021-05-30 09:30:49.976] [info]  [fix] Running database repairs
[2021-05-30 09:30:50.064] [info]  [db] Initialized DB at /home/florida/.config/Insomnia/insomnia.$TYPE.db
[2021-05-30 09:30:50.065] [info]  [db] Init responses DB
[2021-05-30 09:30:50.074] [info]  [localstorage] Initialized at /home/florida/.config/Insomnia/localStorage
[2021-05-30 09:30:50.200] [info]  [main] Loading file:///opt/insomnia/resources/app.asar/renderer.html
[2021-05-30 09:30:50.244] [info]  [ga] Non-interactive General, Launched, 2021.3.0
[2021-05-30 09:30:50.291] [info]  [ga] Queued event [
  { name: 't', value: 'event' },
  { name: 'ec', value: 'General' },
  { name: 'ea', value: 'Launched' },
  { name: 'ni', value: '1' },
  { name: 'el', value: '2021.3.0' }
]
[2021-05-30 09:30:50.745] [info]  [updater] Updater not running platform=linux dev=false
[2021-05-30 09:31:34.083] [info]  [response] Delete body /home/florida/.config/Insomnia/responses/acce8664-1875-4d96-9237-2e91221c0c18.response
[2021-05-30 09:31:34.087] [info]  [response] Delete timeline /home/florida/.config/Insomnia/responses/979a36bb247809cddbb2c7e33c660b8bcdbf51f8.timeline
[2021-05-30 09:33:43.198] [info]  [response] Delete body /home/florida/.config/Insomnia/responses/01f60e84-de38-41e6-9961-db203ab4c069.response
[2021-05-30 09:33:43.199] [info]  [response] Delete timeline /home/florida/.config/Insomnia/responses/460002f40a1feb0c2fa484d5a6e9a84b7b701186.timeline
[2021-05-30 09:45:01.088] [info]  [response] Delete body /home/florida/.config/Insomnia/responses/fda71567-6810-4542-b341-ca794097c98a.response
[2021-05-30 09:45:01.089] [info]  [response] Delete timeline /home/florida/.config/Insomnia/responses/eaab3b5ff1bc392bcf1bde172f16e2e8181fb762.timeline
[2021-05-30 09:55:40.625] [info]  [response] Delete body /home/florida/.config/Insomnia/responses/1802af1b-22a0-468e-96ba-f8fadd911bd6.response
[2021-05-30 09:55:40.627] [info]  [response] Delete timeline /home/florida/.config/Insomnia/responses/3ccbf5f7b6d8df4cf05570a1ed8d0acba81cc219.timeline
[2021-05-30 09:55:45.903] [info]  [response] Delete body /home/florida/.config/Insomnia/responses/ab9bae12-337f-4936-ba64-89fee1601e1d.response
[2021-05-30 09:55:45.909] [info]  [response] Delete timeline /home/florida/.config/Insomnia/responses/4db79e53b91652d182101cecc154b892d25c77fe.timeline
[2021-05-30 10:02:48.540] [info]  [response] Delete body /home/florida/.config/Insomnia/responses/b029755b-c88e-49e6-86dd-918bee160ac3.response
[2021-05-30 10:02:48.542] [info]  [response] Delete timeline /home/florida/.config/Insomnia/responses/14e45b8868dc6b2343e382c18e96447cac33facb.timeline
[2021-05-30 10:06:50.981] [info]  [response] Delete body /home/florida/.config/Insomnia/responses/bf8a357b-b8f9-4f04-aa49-7869015a154c.response
[2021-05-30 10:06:50.982] [info]  [response] Delete timeline /home/florida/.config/Insomnia/responses/5270156f1d114253e67ebc7420b9a66ff769bd09.timeline
[2021-05-30 10:43:31.124] [info]  [response] Delete body /home/florida/.config/Insomnia/responses/3942e8de-a14c-4156-bb33-127376fd5d2d.response
[2021-05-30 10:43:31.125] [info]  [response] Delete timeline /home/florida/.config/Insomnia/responses/255190084d06ad50f84b0d6d710f9b1e1664b2fc.timeline
[2021-05-30 10:45:48.893] [info]  [response] Delete body /home/florida/.config/Insomnia/responses/ae15dad6-be75-42e0-8f1e-b2f5f56f47c1.response
[2021-05-30 10:45:48.897] [info]  [response] Delete timeline /home/florida/.config/Insomnia/responses/f304720e9cfd044b4044ae6100d867f415bdb802.timeline
[2021-05-30 10:47:41.807] [info]  [response] Delete body /home/florida/.config/Insomnia/responses/87eaeea5-4bf6-468b-a847-d77c93ad7612.response
[2021-05-30 10:47:41.811] [info]  [response] Delete timeline /home/florida/.config/Insomnia/responses/1882539d88050a2292123a65feddd3667f52ff71.timeline
